Z:\DEVELOPER\LIGHTS-OF-WORLD\COMPILACAO WINDOWS\LIGHTS OF WORLD\LIGHTS OF WORLD\RELEASE\PLAYER.OBJ
Z:\DEVELOPER\LIGHTS-OF-WORLD\COMPILACAO WINDOWS\LIGHTS OF WORLD\LIGHTS OF WORLD\RELEASE\OBJECT.OBJ
Z:\DEVELOPER\LIGHTS-OF-WORLD\COMPILACAO WINDOWS\LIGHTS OF WORLD\LIGHTS OF WORLD\RELEASE\MAIN.OBJ
Z:\DEVELOPER\LIGHTS-OF-WORLD\COMPILACAO WINDOWS\LIGHTS OF WORLD\LIGHTS OF WORLD\RELEASE\GRAPHICS.OBJ
Z:\DEVELOPER\LIGHTS-OF-WORLD\COMPILACAO WINDOWS\LIGHTS OF WORLD\LIGHTS OF WORLD\RELEASE\GAME.OBJ
Z:\DEVELOPER\LIGHTS-OF-WORLD\COMPILACAO WINDOWS\LIGHTS OF WORLD\LIGHTS OF WORLD\RELEASE\VC110.PDB
Z:\DEVELOPER\LIGHTS-OF-WORLD\COMPILACAO WINDOWS\LIGHTS OF WORLD\RELEASE\LIGHTS OF WORLD.EXE
Z:\DEVELOPER\LIGHTS-OF-WORLD\COMPILACAO WINDOWS\LIGHTS OF WORLD\RELEASE\LIGHTS OF WORLD.PDB
Z:\Developer\Lights-of-World\Compilacao Windows\Lights of World\Lights of World\Release\game.obj
Z:\Developer\Lights-of-World\Compilacao Windows\Lights of World\Lights of World\Release\graphics.obj
Z:\Developer\Lights-of-World\Compilacao Windows\Lights of World\Lights of World\Release\main.obj
Z:\Developer\Lights-of-World\Compilacao Windows\Lights of World\Lights of World\Release\object.obj
Z:\Developer\Lights-of-World\Compilacao Windows\Lights of World\Lights of World\Release\player.obj
Z:\Developer\Lights-of-World\Compilacao Windows\Lights of World\Lights of World\Release\cl.command.1.tlog
Z:\Developer\Lights-of-World\Compilacao Windows\Lights of World\Lights of World\Release\CL.read.1.tlog
Z:\Developer\Lights-of-World\Compilacao Windows\Lights of World\Lights of World\Release\CL.write.1.tlog
Z:\Developer\Lights-of-World\Compilacao Windows\Lights of World\Lights of World\Release\link-cvtres.read.1.tlog
Z:\Developer\Lights-of-World\Compilacao Windows\Lights of World\Lights of World\Release\link-cvtres.write.1.tlog
Z:\Developer\Lights-of-World\Compilacao Windows\Lights of World\Lights of World\Release\link-rc.read.1.tlog
Z:\Developer\Lights-of-World\Compilacao Windows\Lights of World\Lights of World\Release\link-rc.write.1.tlog
Z:\Developer\Lights-of-World\Compilacao Windows\Lights of World\Lights of World\Release\link.command.1.tlog
Z:\Developer\Lights-of-World\Compilacao Windows\Lights of World\Lights of World\Release\link.read.1.tlog
Z:\Developer\Lights-of-World\Compilacao Windows\Lights of World\Lights of World\Release\link.write.1.tlog
Z:\Developer\Lights-of-World\Compilacao Windows\Lights of World\Lights of World\Release\vc110.pdb
Z:\Developer\Lights-of-World\Compilacao Windows\Lights of World\Release\Lights of World.pdb
Z:\Developer\Lights-of-World\Compilacao Windows\Lights of World\Release\Lights of World.exe
