Build started 24/01/2016 14:16:19.
Project "Z:\Developer\Lights-of-World\Compilacao Windows\Lights of World\Lights of World\Lights of World.vcxproj" on node 2 (Build target(s)).
ClCompile:
  C:\Program Files\Microsoft Visual Studio 11.0\VC\bin\CL.exe /c /I"Z:\Developer\Lights-of-World\Lights of World\Frameworks\Window Frameworks\glew-1.9.0\include" /I"Z:\Developer\Lights-of-World\Lights of World\Frameworks\Window Frameworks\glfw-3.1.1\include" /Zi /nologo /W3 /WX- /O2 /Oi /Oy- /GL /D WIN32 /D NDEBUG /D _CONSOLE /D _UNICODE /D UNICODE /Gm- /EHsc /MD /GS /Gy /fp:precise /Zc:wchar_t /Zc:forScope /Fo"Release\\" /Fd"Release\vc110.pdb" /Gd /TP /analyze- /errorReport:prompt "..\..\..\Lights of World\Sources\Lights of World\player.cpp" "..\..\..\Lights of World\Sources\Lights of World\image.cpp"
  player.cpp
..\..\..\Lights of World\Sources\Lights of World\player.cpp(55): error C2679: binary '<<' : no operator found which takes a right-hand operand of type 'std::vector<_Ty>' (or there is no acceptable conversion)
          with
          [
              _Ty=unsigned char
          ]
          C:\Program Files\Microsoft Visual Studio 11.0\VC\include\ostream(695): could be 'std::basic_ostream<_Elem,_Traits> &std::operator <<<char,std::char_traits<char>>(std::basic_ostream<_Elem,_Traits> &,const char *)' [found using argument-dependent lookup]
          with
          [
              _Elem=char,
              _Traits=std::char_traits<char>
          ]
          C:\Program Files\Microsoft Visual Studio 11.0\VC\include\ostream(742): or       'std::basic_ostream<_Elem,_Traits> &std::operator <<<char,std::char_traits<char>>(std::basic_ostream<_Elem,_Traits> &,char)' [found using argument-dependent lookup]
          with
          [
              _Elem=char,
              _Traits=std::char_traits<char>
          ]
          C:\Program Files\Microsoft Visual Studio 11.0\VC\include\ostream(780): or       'std::basic_ostream<_Elem,_Traits> &std::operator <<<std::char_traits<char>>(std::basic_ostream<_Elem,_Traits> &,const char *)' [found using argument-dependent lookup]
          with
          [
              _Elem=char,
              _Traits=std::char_traits<char>
          ]
          C:\Program Files\Microsoft Visual Studio 11.0\VC\include\ostream(827): or       'std::basic_ostream<_Elem,_Traits> &std::operator <<<std::char_traits<char>>(std::basic_ostream<_Elem,_Traits> &,char)' [found using argument-dependent lookup]
          with
          [
              _Elem=char,
              _Traits=std::char_traits<char>
          ]
          C:\Program Files\Microsoft Visual Studio 11.0\VC\include\ostream(953): or       'std::basic_ostream<_Elem,_Traits> &std::operator <<<std::char_traits<char>>(std::basic_ostream<_Elem,_Traits> &,const signed char *)' [found using argument-dependent lookup]
          with
          [
              _Elem=char,
              _Traits=std::char_traits<char>
          ]
          C:\Program Files\Microsoft Visual Studio 11.0\VC\include\ostream(960): or       'std::basic_ostream<_Elem,_Traits> &std::operator <<<std::char_traits<char>>(std::basic_ostream<_Elem,_Traits> &,signed char)' [found using argument-dependent lookup]
          with
          [
              _Elem=char,
              _Traits=std::char_traits<char>
          ]
          C:\Program Files\Microsoft Visual Studio 11.0\VC\include\ostream(967): or       'std::basic_ostream<_Elem,_Traits> &std::operator <<<std::char_traits<char>>(std::basic_ostream<_Elem,_Traits> &,const unsigned char *)' [found using argument-dependent lookup]
          with
          [
              _Elem=char,
              _Traits=std::char_traits<char>
          ]
          C:\Program Files\Microsoft Visual Studio 11.0\VC\include\ostream(974): or       'std::basic_ostream<_Elem,_Traits> &std::operator <<<std::char_traits<char>>(std::basic_ostream<_Elem,_Traits> &,unsigned char)' [found using argument-dependent lookup]
          with
          [
              _Elem=char,
              _Traits=std::char_traits<char>
          ]
          C:\Program Files\Microsoft Visual Studio 11.0\VC\include\ostream(984): or       'std::basic_ostream<_Elem,_Traits> &std::operator <<<char,std::char_traits<char>,std::vector<_Ty>>(std::basic_ostream<_Elem,_Traits> &&,const std::vector<_Ty> &)' [found using argument-dependent lookup]
          with
          [
              _Elem=char,
              _Traits=std::char_traits<char>,
              _Ty=unsigned char
          ]
          C:\Program Files\Microsoft Visual Studio 11.0\VC\include\ostream(1101): or       'std::basic_ostream<_Elem,_Traits> &std::operator <<<char,std::char_traits<char>>(std::basic_ostream<_Elem,_Traits> &,const std::error_code &)' [found using argument-dependent lookup]
          with
          [
              _Elem=char,
              _Traits=std::char_traits<char>
          ]
          C:\Program Files\Microsoft Visual Studio 11.0\VC\include\ostream(201): or       'std::basic_ostream<_Elem,_Traits> &std::basic_ostream<_Elem,_Traits>::operator <<(std::basic_ostream<_Elem,_Traits> &(__cdecl *)(std::basic_ostream<_Elem,_Traits> &))'
          with
          [
              _Elem=char,
              _Traits=std::char_traits<char>
          ]
          C:\Program Files\Microsoft Visual Studio 11.0\VC\include\ostream(207): or       'std::basic_ostream<_Elem,_Traits> &std::basic_ostream<_Elem,_Traits>::operator <<(std::basic_ios<_Elem,_Traits> &(__cdecl *)(std::basic_ios<_Elem,_Traits> &))'
          with
          [
              _Elem=char,
              _Traits=std::char_traits<char>
          ]
          C:\Program Files\Microsoft Visual Studio 11.0\VC\include\ostream(214): or       'std::basic_ostream<_Elem,_Traits> &std::basic_ostream<_Elem,_Traits>::operator <<(std::ios_base &(__cdecl *)(std::ios_base &))'
          with
          [
              _Elem=char,
              _Traits=std::char_traits<char>
          ]
          C:\Program Files\Microsoft Visual Studio 11.0\VC\include\ostream(221): or       'std::basic_ostream<_Elem,_Traits> &std::basic_ostream<_Elem,_Traits>::operator <<(std::_Bool)'
          with
          [
              _Elem=char,
              _Traits=std::char_traits<char>
          ]
          C:\Program Files\Microsoft Visual Studio 11.0\VC\include\ostream(241): or       'std::basic_ostream<_Elem,_Traits> &std::basic_ostream<_Elem,_Traits>::operator <<(short)'
          with
          [
              _Elem=char,
              _Traits=std::char_traits<char>
          ]
          C:\Program Files\Microsoft Visual Studio 11.0\VC\include\ostream(275): or       'std::basic_ostream<_Elem,_Traits> &std::basic_ostream<_Elem,_Traits>::operator <<(unsigned short)'
          with
          [
              _Elem=char,
              _Traits=std::char_traits<char>
          ]
          C:\Program Files\Microsoft Visual Studio 11.0\VC\include\ostream(295): or       'std::basic_ostream<_Elem,_Traits> &std::basic_ostream<_Elem,_Traits>::operator <<(int)'
          with
          [
              _Elem=char,
              _Traits=std::char_traits<char>
          ]
          C:\Program Files\Microsoft Visual Studio 11.0\VC\include\ostream(320): or       'std::basic_ostream<_Elem,_Traits> &std::basic_ostream<_Elem,_Traits>::operator <<(unsigned int)'
          with
          [
              _Elem=char,
              _Traits=std::char_traits<char>
          ]
          C:\Program Files\Microsoft Visual Studio 11.0\VC\include\ostream(340): or       'std::basic_ostream<_Elem,_Traits> &std::basic_ostream<_Elem,_Traits>::operator <<(long)'
          with
          [
              _Elem=char,
              _Traits=std::char_traits<char>
          ]
          C:\Program Files\Microsoft Visual Studio 11.0\VC\include\ostream(360): or       'std::basic_ostream<_Elem,_Traits> &std::basic_ostream<_Elem,_Traits>::operator <<(unsigned long)'
          with
          [
              _Elem=char,
              _Traits=std::char_traits<char>
          ]
          C:\Program Files\Microsoft Visual Studio 11.0\VC\include\ostream(381): or       'std::basic_ostream<_Elem,_Traits> &std::basic_ostream<_Elem,_Traits>::operator <<(__int64)'
          with
          [
              _Elem=char,
              _Traits=std::char_traits<char>
          ]
          C:\Program Files\Microsoft Visual Studio 11.0\VC\include\ostream(401): or       'std::basic_ostream<_Elem,_Traits> &std::basic_ostream<_Elem,_Traits>::operator <<(unsigned __int64)'
          with
          [
              _Elem=char,
              _Traits=std::char_traits<char>
          ]
          C:\Program Files\Microsoft Visual Studio 11.0\VC\include\ostream(422): or       'std::basic_ostream<_Elem,_Traits> &std::basic_ostream<_Elem,_Traits>::operator <<(float)'
          with
          [
              _Elem=char,
              _Traits=std::char_traits<char>
          ]
          C:\Program Files\Microsoft Visual Studio 11.0\VC\include\ostream(442): or       'std::basic_ostream<_Elem,_Traits> &std::basic_ostream<_Elem,_Traits>::operator <<(double)'
          with
          [
              _Elem=char,
              _Traits=std::char_traits<char>
          ]
          C:\Program Files\Microsoft Visual Studio 11.0\VC\include\ostream(462): or       'std::basic_ostream<_Elem,_Traits> &std::basic_ostream<_Elem,_Traits>::operator <<(long double)'
          with
          [
              _Elem=char,
              _Traits=std::char_traits<char>
          ]
          C:\Program Files\Microsoft Visual Studio 11.0\VC\include\ostream(482): or       'std::basic_ostream<_Elem,_Traits> &std::basic_ostream<_Elem,_Traits>::operator <<(const void *)'
          with
          [
              _Elem=char,
              _Traits=std::char_traits<char>
          ]
          C:\Program Files\Microsoft Visual Studio 11.0\VC\include\ostream(502): or       'std::basic_ostream<_Elem,_Traits> &std::basic_ostream<_Elem,_Traits>::operator <<(std::basic_streambuf<_Elem,_Traits> *)'
          with
          [
              _Elem=char,
              _Traits=std::char_traits<char>
          ]
          while trying to match the argument list '(std::ostream, std::vector<_Ty>)'
          with
          [
              _Ty=unsigned char
          ]
..\..\..\Lights of World\Sources\Lights of World\player.cpp(72): warning C4554: '|' : check operator precedence for possible error; use parentheses to clarify precedence
..\..\..\Lights of World\Sources\Lights of World\player.cpp(73): warning C4554: '|' : check operator precedence for possible error; use parentheses to clarify precedence
..\..\..\Lights of World\Sources\Lights of World\player.cpp(75): warning C4554: '|' : check operator precedence for possible error; use parentheses to clarify precedence
  image.cpp
..\..\..\Lights of World\Sources\Lights of World\image.cpp(19): error C2082: redefinition of formal parameter 'width'
..\..\..\Lights of World\Sources\Lights of World\image.cpp(19): error C2082: redefinition of formal parameter 'height'
..\..\..\Lights of World\Sources\Lights of World\image.cpp(20): error C2665: 'lodepng::decode' : none of the 5 overloads could convert all the argument types
          z:\developer\lights-of-world\lights of world\sources\lights of world\lodepng.h(207): could be 'unsigned int lodepng::decode(std::vector<_Ty> &,unsigned int &,unsigned int &,const std::vector<_Ty> &,LodePNGColorType,unsigned int)'
          with
          [
              _Ty=unsigned char
          ]
          z:\developer\lights-of-world\lights of world\sources\lights of world\lodepng.h(215): or       'unsigned int lodepng::decode(std::vector<_Ty> &,unsigned int &,unsigned int &,const std::string &,LodePNGColorType,unsigned int)'
          with
          [
              _Ty=unsigned char
          ]
          while trying to match the argument list '(std::vector<_Ty>, int *, int *, const char *)'
          with
          [
              _Ty=unsigned char
          ]
..\..\..\Lights of World\Sources\Lights of World\image.cpp(22): error C2440: 'initializing' : cannot convert from 'int *' to 'int'
          There is no context in which this conversion is possible
..\..\..\Lights of World\Sources\Lights of World\image.cpp(24): error C2440: 'initializing' : cannot convert from 'int *' to 'int'
          There is no context in which this conversion is possible
..\..\..\Lights of World\Sources\Lights of World\image.cpp(27): error C2446: '<' : no conversion from 'int *' to 'size_t'
          There is no context in which this conversion is possible
..\..\..\Lights of World\Sources\Lights of World\image.cpp(27): error C2040: '<' : 'size_t' differs in levels of indirection from 'int *'
..\..\..\Lights of World\Sources\Lights of World\image.cpp(28): error C2446: '<' : no conversion from 'int *' to 'size_t'
          There is no context in which this conversion is possible
..\..\..\Lights of World\Sources\Lights of World\image.cpp(28): error C2040: '<' : 'size_t' differs in levels of indirection from 'int *'
..\..\..\Lights of World\Sources\Lights of World\image.cpp(30): error C2440: 'type cast' : cannot convert from 'int *' to 'double'
          There is no context in which this conversion is possible
..\..\..\Lights of World\Sources\Lights of World\image.cpp(31): error C2440: 'type cast' : cannot convert from 'int *' to 'double'
          There is no context in which this conversion is possible
..\..\..\Lights of World\Sources\Lights of World\image.cpp(35): error C2446: '<' : no conversion from 'int *' to 'size_t'
          There is no context in which this conversion is possible
..\..\..\Lights of World\Sources\Lights of World\image.cpp(35): error C2040: '<' : 'size_t' differs in levels of indirection from 'int *'
..\..\..\Lights of World\Sources\Lights of World\image.cpp(36): error C2446: '<' : no conversion from 'int *' to 'size_t'
          There is no context in which this conversion is possible
..\..\..\Lights of World\Sources\Lights of World\image.cpp(36): error C2040: '<' : 'size_t' differs in levels of indirection from 'int *'
..\..\..\Lights of World\Sources\Lights of World\image.cpp(38): error C2297: '*' : illegal, right operand has type 'int *'
Done Building Project "Z:\Developer\Lights-of-World\Compilacao Windows\Lights of World\Lights of World\Lights of World.vcxproj" (Build target(s)) -- FAILED.

Build FAILED.

Time Elapsed 00:00:03.47
