\\VMWARE-HOST\SHARED FOLDERS\DEVELOPER\LIGHTS-OF-WORLD\2DGAMEENGINE\2DGAMEENGINE\DEBUG\GRAPHICS.OBJ
\\VMWARE-HOST\SHARED FOLDERS\DEVELOPER\LIGHTS-OF-WORLD\2DGAMEENGINE\2DGAMEENGINE\DEBUG\MAIN.OBJ
\\VMWARE-HOST\SHARED FOLDERS\DEVELOPER\LIGHTS-OF-WORLD\2DGAMEENGINE\2DGAMEENGINE\DEBUG\MATHS.OBJ
\\VMWARE-HOST\SHARED FOLDERS\DEVELOPER\LIGHTS-OF-WORLD\2DGAMEENGINE\2DGAMEENGINE\DEBUG\VEC2.OBJ
\\VMWARE-HOST\SHARED FOLDERS\DEVELOPER\LIGHTS-OF-WORLD\2DGAMEENGINE\2DGAMEENGINE\DEBUG\VEC3.OBJ
\\VMWARE-HOST\SHARED FOLDERS\DEVELOPER\LIGHTS-OF-WORLD\2DGAMEENGINE\2DGAMEENGINE\DEBUG\VEC4.OBJ
\\VMWARE-HOST\SHARED FOLDERS\DEVELOPER\LIGHTS-OF-WORLD\2DGAMEENGINE\2DGAMEENGINE\DEBUG\VC110.PDB
\\vmware-host\Shared Folders\Developer\Lights-of-World\2DGameEngine\2DGameEngine\Debug\vec2.obj
\\vmware-host\Shared Folders\Developer\Lights-of-World\2DGameEngine\2DGameEngine\Debug\cl.command.1.tlog
\\vmware-host\Shared Folders\Developer\Lights-of-World\2DGameEngine\2DGameEngine\Debug\CL.read.1.tlog
\\vmware-host\Shared Folders\Developer\Lights-of-World\2DGameEngine\2DGameEngine\Debug\CL.write.1.tlog
\\vmware-host\Shared Folders\Developer\Lights-of-World\2DGameEngine\2DGameEngine\Debug\link-cvtres.read.1.tlog
\\vmware-host\Shared Folders\Developer\Lights-of-World\2DGameEngine\2DGameEngine\Debug\link-cvtres.write.1.tlog
\\vmware-host\Shared Folders\Developer\Lights-of-World\2DGameEngine\2DGameEngine\Debug\link-rc.read.1.tlog
\\vmware-host\Shared Folders\Developer\Lights-of-World\2DGameEngine\2DGameEngine\Debug\link-rc.write.1.tlog
\\vmware-host\Shared Folders\Developer\Lights-of-World\2DGameEngine\2DGameEngine\Debug\link.command.1.tlog
\\vmware-host\Shared Folders\Developer\Lights-of-World\2DGameEngine\2DGameEngine\Debug\link.read.1.tlog
\\vmware-host\Shared Folders\Developer\Lights-of-World\2DGameEngine\2DGameEngine\Debug\link.write.1.tlog
\\vmware-host\Shared Folders\Developer\Lights-of-World\2DGameEngine\2DGameEngine\Debug\vc110.idb
\\vmware-host\Shared Folders\Developer\Lights-of-World\2DGameEngine\2DGameEngine\Debug\vc110.pdb
\\vmware-host\Shared Folders\Developer\Lights-of-World\2DGameEngine\Debug\2DGameEngine.pdb
